<?xml version="1.0" encoding="UTF-8"?>
<testng-results skipped="0" failed="1" ignored="0" total="4" passed="3">
  <reporter-output>
  </reporter-output>
  <suite name="Suite" duration-ms="60812" started-at="2020-10-20T13:17:25 IST" finished-at="2020-10-20T13:18:26 IST">
    <groups>
    </groups>
    <test name="Oragehrm-loginpage" duration-ms="12309" started-at="2020-10-20T13:17:25 IST" finished-at="2020-10-20T13:17:37 IST">
      <class name="Testcases.login_page">
        <test-method status="PASS" signature="loginpage()[pri:0, instance:Testcases.login_page@3043fe0e]" name="loginpage" duration-ms="9977" started-at="2020-10-20T13:17:25 IST" finished-at="2020-10-20T13:17:35 IST">
          <reporter-output>
          </reporter-output>
        </test-method> <!-- loginpage -->
        <test-method status="PASS" signature="screenshot(org.testng.ITestResult)[pri:0, instance:Testcases.login_page@3043fe0e]" name="screenshot" is-config="true" duration-ms="20" started-at="2020-10-20T13:17:35 IST" finished-at="2020-10-20T13:17:35 IST">
          <params>
            <param index="0">
              <value>
                <![CDATA[[TestResult name=loginpage status=SUCCESS method=login_page.loginpage()[pri:0, instance:Testcases.login_page@3043fe0e] output={null}]]]>
              </value>
            </param>
          </params>
          <reporter-output>
          </reporter-output>
        </test-method> <!-- screenshot -->
        <test-method status="PASS" signature="getResult(org.testng.ITestResult)[pri:0, instance:Testcases.login_page@3043fe0e]" name="getResult" is-config="true" duration-ms="36" started-at="2020-10-20T13:17:35 IST" finished-at="2020-10-20T13:17:35 IST">
          <params>
            <param index="0">
              <value>
                <![CDATA[[TestResult name=loginpage status=SUCCESS method=login_page.loginpage()[pri:0, instance:Testcases.login_page@3043fe0e] output={null}]]]>
              </value>
            </param>
          </params>
          <reporter-output>
          </reporter-output>
        </test-method> <!-- getResult -->
        <test-method status="PASS" signature="extent()[pri:0, instance:Testcases.login_page@3043fe0e]" name="extent" is-config="true" duration-ms="1948" started-at="2020-10-20T13:17:35 IST" finished-at="2020-10-20T13:17:37 IST">
          <reporter-output>
          </reporter-output>
        </test-method> <!-- extent -->
      </class> <!-- Testcases.login_page -->
    </test> <!-- Oragehrm-loginpage -->
    <test name="Orangehrm-Adminpage" duration-ms="12911" started-at="2020-10-20T13:17:38 IST" finished-at="2020-10-20T13:17:51 IST">
      <class name="Testcases.Admin_page">
        <test-method status="PASS" signature="Movetouserpage()[pri:0, instance:Testcases.Admin_page@23d2a7e8]" name="Movetouserpage" duration-ms="12764" started-at="2020-10-20T13:17:38 IST" finished-at="2020-10-20T13:17:50 IST">
          <reporter-output>
          </reporter-output>
        </test-method> <!-- Movetouserpage -->
        <test-method status="PASS" signature="screenshot(org.testng.ITestResult)[pri:0, instance:Testcases.Admin_page@23d2a7e8]" name="screenshot" is-config="true" duration-ms="1" started-at="2020-10-20T13:17:50 IST" finished-at="2020-10-20T13:17:50 IST">
          <params>
            <param index="0">
              <value>
                <![CDATA[[TestResult name=Movetouserpage status=SUCCESS method=Admin_page.Movetouserpage()[pri:0, instance:Testcases.Admin_page@23d2a7e8] output={null}]]]>
              </value>
            </param>
          </params>
          <reporter-output>
          </reporter-output>
        </test-method> <!-- screenshot -->
        <test-method status="PASS" signature="getResult(org.testng.ITestResult)[pri:0, instance:Testcases.Admin_page@23d2a7e8]" name="getResult" is-config="true" duration-ms="1" started-at="2020-10-20T13:17:50 IST" finished-at="2020-10-20T13:17:50 IST">
          <params>
            <param index="0">
              <value>
                <![CDATA[[TestResult name=Movetouserpage status=SUCCESS method=Admin_page.Movetouserpage()[pri:0, instance:Testcases.Admin_page@23d2a7e8] output={null}]]]>
              </value>
            </param>
          </params>
          <reporter-output>
          </reporter-output>
        </test-method> <!-- getResult -->
        <test-method status="PASS" signature="extent()[pri:0, instance:Testcases.Admin_page@23d2a7e8]" name="extent" is-config="true" duration-ms="139" started-at="2020-10-20T13:17:50 IST" finished-at="2020-10-20T13:17:51 IST">
          <reporter-output>
          </reporter-output>
        </test-method> <!-- extent -->
      </class> <!-- Testcases.Admin_page -->
    </test> <!-- Orangehrm-Adminpage -->
    <test name="Orangehrm-Add_user" duration-ms="2771" started-at="2020-10-20T13:17:51 IST" finished-at="2020-10-20T13:17:53 IST">
      <class name="Testcases.Add_user">
        <test-method status="PASS" signature="Adduser()[pri:0, instance:Testcases.Add_user@60285225]" name="Adduser" duration-ms="2603" started-at="2020-10-20T13:17:51 IST" finished-at="2020-10-20T13:17:53 IST">
          <reporter-output>
          </reporter-output>
        </test-method> <!-- Adduser -->
        <test-method status="PASS" signature="getResult(org.testng.ITestResult)[pri:0, instance:Testcases.Add_user@60285225]" name="getResult" is-config="true" duration-ms="1" started-at="2020-10-20T13:17:53 IST" finished-at="2020-10-20T13:17:53 IST">
          <params>
            <param index="0">
              <value>
                <![CDATA[[TestResult name=Adduser status=SUCCESS method=Add_user.Adduser()[pri:0, instance:Testcases.Add_user@60285225] output={null}]]]>
              </value>
            </param>
          </params>
          <reporter-output>
          </reporter-output>
        </test-method> <!-- getResult -->
        <test-method status="PASS" signature="screenshot(org.testng.ITestResult)[pri:0, instance:Testcases.Add_user@60285225]" name="screenshot" is-config="true" duration-ms="0" started-at="2020-10-20T13:17:53 IST" finished-at="2020-10-20T13:17:53 IST">
          <params>
            <param index="0">
              <value>
                <![CDATA[[TestResult name=Adduser status=SUCCESS method=Add_user.Adduser()[pri:0, instance:Testcases.Add_user@60285225] output={null}]]]>
              </value>
            </param>
          </params>
          <reporter-output>
          </reporter-output>
        </test-method> <!-- screenshot -->
        <test-method status="PASS" signature="extent()[pri:0, instance:Testcases.Add_user@60285225]" name="extent" is-config="true" duration-ms="155" started-at="2020-10-20T13:17:53 IST" finished-at="2020-10-20T13:17:53 IST">
          <reporter-output>
          </reporter-output>
        </test-method> <!-- extent -->
      </class> <!-- Testcases.Add_user -->
    </test> <!-- Orangehrm-Add_user -->
    <test name="Orangehrm-logoutpage" duration-ms="32310" started-at="2020-10-20T13:17:54 IST" finished-at="2020-10-20T13:18:26 IST">
      <class name="Testcases.logoutpage">
        <test-method status="PASS" signature="setup()[pri:0, instance:Testcases.logoutpage@25af5db5]" name="setup" is-config="true" duration-ms="24925" started-at="2020-10-20T13:17:00 IST" finished-at="2020-10-20T13:17:25 IST">
          <reporter-output>
          </reporter-output>
        </test-method> <!-- setup -->
        <test-method status="FAIL" signature="logout_page()[pri:0, instance:Testcases.logoutpage@25af5db5]" name="logout_page" duration-ms="30285" started-at="2020-10-20T13:17:54 IST" finished-at="2020-10-20T13:18:24 IST">
          <exception class="org.openqa.selenium.NoSuchElementException">
            <message>
              <![CDATA[no such element: Unable to locate element: {"method":"xpath","selector":"//*[@id='welco']"}
  (Session info: chrome=86.0.4240.75)
For documentation on this error, please visit: https://www.seleniumhq.org/exceptions/no_such_element.html
Build info: version: '3.141.59', revision: 'e82be7d358', time: '2018-11-14T08:17:03'
System info: host: 'AGATI-L020', ip: '192.168.43.119', os.name: 'Windows 10', os.arch: 'amd64', os.version: '10.0', java.version: '1.8.0_251'
Driver info: org.openqa.selenium.chrome.ChromeDriver
Capabilities {acceptInsecureCerts: false, browserName: chrome, browserVersion: 86.0.4240.75, chrome: {chromedriverVersion: 85.0.4183.87 (cd6713ebf92fa..., userDataDir: C:\Users\manoj\AppData\Loca...}, goog:chromeOptions: {debuggerAddress: localhost:54585}, javascriptEnabled: true, networkConnectionEnabled: false, pageLoadStrategy: normal, platform: WINDOWS, platformName: WINDOWS, proxy: Proxy(), setWindowRect: true, strictFileInteractability: false, timeouts: {implicit: 0, pageLoad: 300000, script: 30000}, unhandledPromptBehavior: dismiss and notify, webauthn:virtualAuthenticators: true}
Session ID: dbfccceb3388071477481e0d409f40cb
*** Element info: {Using=xpath, value=//*[@id='welco']}]]>
            </message>
            <full-stacktrace>
              <![CDATA[org.openqa.selenium.NoSuchElementException: no such element: Unable to locate element: {"method":"xpath","selector":"//*[@id='welco']"}
  (Session info: chrome=86.0.4240.75)
For documentation on this error, please visit: https://www.seleniumhq.org/exceptions/no_such_element.html
Build info: version: '3.141.59', revision: 'e82be7d358', time: '2018-11-14T08:17:03'
System info: host: 'AGATI-L020', ip: '192.168.43.119', os.name: 'Windows 10', os.arch: 'amd64', os.version: '10.0', java.version: '1.8.0_251'
Driver info: org.openqa.selenium.chrome.ChromeDriver
Capabilities {acceptInsecureCerts: false, browserName: chrome, browserVersion: 86.0.4240.75, chrome: {chromedriverVersion: 85.0.4183.87 (cd6713ebf92fa..., userDataDir: C:\Users\manoj\AppData\Loca...}, goog:chromeOptions: {debuggerAddress: localhost:54585}, javascriptEnabled: true, networkConnectionEnabled: false, pageLoadStrategy: normal, platform: WINDOWS, platformName: WINDOWS, proxy: Proxy(), setWindowRect: true, strictFileInteractability: false, timeouts: {implicit: 0, pageLoad: 300000, script: 30000}, unhandledPromptBehavior: dismiss and notify, webauthn:virtualAuthenticators: true}
Session ID: dbfccceb3388071477481e0d409f40cb
*** Element info: {Using=xpath, value=//*[@id='welco']}
at sun.reflect.NativeConstructorAccessorImpl.newInstance0(Native Method)
at sun.reflect.NativeConstructorAccessorImpl.newInstance(Unknown Source)
at sun.reflect.DelegatingConstructorAccessorImpl.newInstance(Unknown Source)
at java.lang.reflect.Constructor.newInstance(Unknown Source)
at org.openqa.selenium.remote.http.W3CHttpResponseCodec.createException(W3CHttpResponseCodec.java:187)
at org.openqa.selenium.remote.http.W3CHttpResponseCodec.decode(W3CHttpResponseCodec.java:122)
at org.openqa.selenium.remote.http.W3CHttpResponseCodec.decode(W3CHttpResponseCodec.java:49)
at org.openqa.selenium.remote.HttpCommandExecutor.execute(HttpCommandExecutor.java:158)
at org.openqa.selenium.remote.service.DriverCommandExecutor.execute(DriverCommandExecutor.java:83)
at org.openqa.selenium.remote.RemoteWebDriver.execute(RemoteWebDriver.java:552)
at org.openqa.selenium.remote.RemoteWebDriver.findElement(RemoteWebDriver.java:323)
at org.openqa.selenium.remote.RemoteWebDriver.findElementByXPath(RemoteWebDriver.java:428)
at org.openqa.selenium.By$ByXPath.findElement(By.java:353)
at org.openqa.selenium.remote.RemoteWebDriver.findElement(RemoteWebDriver.java:315)
at org.openqa.selenium.support.pagefactory.DefaultElementLocator.findElement(DefaultElementLocator.java:69)
at org.openqa.selenium.support.pagefactory.internal.LocatingElementHandler.invoke(LocatingElementHandler.java:38)
at com.sun.proxy.$Proxy11.click(Unknown Source)
at Testcases.logoutpage.logout_page(logoutpage.java:31)
at sun.reflect.NativeMethodAccessorImpl.invoke0(Native Method)
at sun.reflect.NativeMethodAccessorImpl.invoke(Unknown Source)
at sun.reflect.DelegatingMethodAccessorImpl.invoke(Unknown Source)
at java.lang.reflect.Method.invoke(Unknown Source)
at org.testng.internal.MethodInvocationHelper.invokeMethod(MethodInvocationHelper.java:132)
at org.testng.internal.TestInvoker.invokeMethod(TestInvoker.java:599)
at org.testng.internal.TestInvoker.invokeTestMethod(TestInvoker.java:174)
at org.testng.internal.MethodRunner.runInSequence(MethodRunner.java:46)
at org.testng.internal.TestInvoker$MethodInvocationAgent.invoke(TestInvoker.java:822)
at org.testng.internal.TestInvoker.invokeTestMethods(TestInvoker.java:147)
at org.testng.internal.TestMethodWorker.invokeTestMethods(TestMethodWorker.java:146)
at org.testng.internal.TestMethodWorker.run(TestMethodWorker.java:128)
at java.util.ArrayList.forEach(Unknown Source)
at org.testng.TestRunner.privateRun(TestRunner.java:764)
at org.testng.TestRunner.run(TestRunner.java:585)
at org.testng.SuiteRunner.runTest(SuiteRunner.java:384)
at org.testng.SuiteRunner.runSequentially(SuiteRunner.java:378)
at org.testng.SuiteRunner.privateRun(SuiteRunner.java:337)
at org.testng.SuiteRunner.run(SuiteRunner.java:286)
at org.testng.SuiteRunnerWorker.runSuite(SuiteRunnerWorker.java:53)
at org.testng.SuiteRunnerWorker.run(SuiteRunnerWorker.java:96)
at org.testng.TestNG.runSuitesSequentially(TestNG.java:1218)
at org.testng.TestNG.runSuitesLocally(TestNG.java:1140)
at org.testng.TestNG.runSuites(TestNG.java:1069)
at org.testng.TestNG.run(TestNG.java:1037)
at org.testng.remote.AbstractRemoteTestNG.run(AbstractRemoteTestNG.java:115)
at org.testng.remote.RemoteTestNG.initAndRun(RemoteTestNG.java:251)
at org.testng.remote.RemoteTestNG.main(RemoteTestNG.java:77)
]]>
            </full-stacktrace>
          </exception> <!-- org.openqa.selenium.NoSuchElementException -->
          <reporter-output>
          </reporter-output>
        </test-method> <!-- logout_page -->
        <test-method status="PASS" signature="screenshot(org.testng.ITestResult)[pri:0, instance:Testcases.logoutpage@25af5db5]" name="screenshot" is-config="true" duration-ms="1867" started-at="2020-10-20T13:18:24 IST" finished-at="2020-10-20T13:18:26 IST">
          <params>
            <param index="0">
              <value>
                <![CDATA[[TestResult name=logout_page status=FAILURE method=logoutpage.logout_page()[pri:0, instance:Testcases.logoutpage@25af5db5] output={null}]]]>
              </value>
            </param>
          </params>
          <reporter-output>
          </reporter-output>
        </test-method> <!-- screenshot -->
        <test-method status="PASS" signature="getResult(org.testng.ITestResult)[pri:0, instance:Testcases.logoutpage@25af5db5]" name="getResult" is-config="true" duration-ms="4" started-at="2020-10-20T13:18:26 IST" finished-at="2020-10-20T13:18:26 IST">
          <params>
            <param index="0">
              <value>
                <![CDATA[[TestResult name=logout_page status=FAILURE method=logoutpage.logout_page()[pri:0, instance:Testcases.logoutpage@25af5db5] output={null}]]]>
              </value>
            </param>
          </params>
          <reporter-output>
          </reporter-output>
        </test-method> <!-- getResult -->
        <test-method status="PASS" signature="extent()[pri:0, instance:Testcases.logoutpage@25af5db5]" name="extent" is-config="true" duration-ms="83" started-at="2020-10-20T13:18:26 IST" finished-at="2020-10-20T13:18:26 IST">
          <reporter-output>
          </reporter-output>
        </test-method> <!-- extent -->
        <test-method status="PASS" signature="teardown()[pri:0, instance:Testcases.logoutpage@25af5db5]" name="teardown" is-config="true" duration-ms="1731" started-at="2020-10-20T13:18:26 IST" finished-at="2020-10-20T13:18:28 IST">
          <reporter-output>
          </reporter-output>
        </test-method> <!-- teardown -->
      </class> <!-- Testcases.logoutpage -->
    </test> <!-- Orangehrm-logoutpage -->
  </suite> <!-- Suite -->
</testng-results>
